# JRE version: Java(TM) SE Runtime Environment (17.0.10+11) (build 17.0.10+11-LTS-240)
# Java VM: Java HotSpot(TM) 64-Bit Server VM (17.0.10+11-LTS-240, mixed mode, sharing, tiered, compressed oops, compressed class ptrs, parallel gc, windows-amd64)
GC Precious Log:
 CPUs: 4 total, 4 available
 Memory: 11984M
 Large Page Support: Disabled
 NUMA Support: Disabled
 Compressed Oops: Enabled (32-bit)
 Alignments: Space 512K, Generation 512K, Heap 2M
 Heap Min Capacity: 100M
 Heap Initial Capacity: 100M
 Heap Max Capacity: 1G
 Pre-touch: Disabled
 Parallel Workers: 4
Heap:
 PSYoungGen      total 38400K, used 4577K [0x00000000eab00000, 0x00000000eda00000, 0x0000000100000000)
  eden space 33792K, 0% used [0x00000000eab00000,0x00000000eab00000,0x00000000ecc00000)
  from space 4608K, 99% used [0x00000000ed300000,0x00000000ed7785e8,0x00000000ed780000)
  to   space 7168K, 0% used [0x00000000ecc00000,0x00000000ecc00000,0x00000000ed300000)
 ParOldGen       total 331776K, used 331497K [0x00000000c0000000, 0x00000000d4400000, 0x00000000eab00000)
  object space 331776K, 99% used [0x00000000c0000000,0x00000000d43ba450,0x00000000d4400000)
 Metaspace       used 95813K, committed 97216K, reserved 1179648K
  class space    used 9489K, committed 10112K, reserved 1048576K
GC Heap History (20 events):
Event: 16750.537 GC heap after
{Heap after GC invocations=9020 (full 120):
 PSYoungGen      total 31744K, used 2243K [0x00000000eab00000, 0x00000000ece80000, 0x0000000100000000)
  eden space 29184K, 0% used [0x00000000eab00000,0x00000000eab00000,0x00000000ec780000)
  from space 2560K, 87% used [0x00000000ec780000,0x00000000ec9b0df0,0x00000000eca00000)
  to   space 2560K, 0% used [0x00000000ecc00000,0x00000000ecc00000,0x00000000ece80000)
 ParOldGen       total 331776K, used 329133K [0x00000000c0000000, 0x00000000d4400000, 0x00000000eab00000)
  object space 331776K, 99% used [0x00000000c0000000,0x00000000d416b6e8,0x00000000d4400000)
 Metaspace       used 95812K, committed 97216K, reserved 1179648K
  class space    used 9489K, committed 10112K, reserved 1048576K
}
Event: 16750.643 GC heap before
{Heap before GC invocations=9021 (full 120):
 PSYoungGen      total 31744K, used 31047K [0x00000000eab00000, 0x00000000ece80000, 0x0000000100000000)
  eden space 29184K, 98% used [0x00000000eab00000,0x00000000ec7211f8,0x00000000ec780000)
  from space 2560K, 87% used [0x00000000ec780000,0x00000000ec9b0df0,0x00000000eca00000)
  to   space 2560K, 0% used [0x00000000ecc00000,0x00000000ecc00000,0x00000000ece80000)
 ParOldGen       total 331776K, used 329133K [0x00000000c0000000, 0x00000000d4400000, 0x00000000eab00000)
  object space 331776K, 99% used [0x00000000c0000000,0x00000000d416b6e8,0x00000000d4400000)
 Metaspace       used 95812K, committed 97216K, reserved 1179648K
  class space    used 9489K, committed 10112K, reserved 1048576K
}
Event: 16750.649 GC heap after
{Heap after GC invocations=9021 (full 120):
 PSYoungGen      total 33280K, used 2531K [0x00000000eab00000, 0x00000000ecf80000, 0x0000000100000000)
  eden space 30720K, 0% used [0x00000000eab00000,0x00000000eab00000,0x00000000ec900000)
  from space 2560K, 98% used [0x00000000ecc00000,0x00000000ece78df0,0x00000000ece80000)
  to   space 3072K, 0% used [0x00000000ec900000,0x00000000ec900000,0x00000000ecc00000)
 ParOldGen       total 331776K, used 329245K [0x00000000c0000000, 0x00000000d4400000, 0x00000000eab00000)
  object space 331776K, 99% used [0x00000000c0000000,0x00000000d41876e8,0x00000000d4400000)
 Metaspace       used 95812K, committed 97216K, reserved 1179648K
  class space    used 9489K, committed 10112K, reserved 1048576K
}
Event: 16750.915 GC heap before
{Heap before GC invocations=9022 (full 120):
 PSYoungGen      total 33280K, used 32729K [0x00000000eab00000, 0x00000000ecf80000, 0x0000000100000000)
  eden space 30720K, 98% used [0x00000000eab00000,0x00000000ec87d748,0x00000000ec900000)
  from space 2560K, 98% used [0x00000000ecc00000,0x00000000ece78df0,0x00000000ece80000)
  to   space 3072K, 0% used [0x00000000ec900000,0x00000000ec900000,0x00000000ecc00000)
 ParOldGen       total 331776K, used 329245K [0x00000000c0000000, 0x00000000d4400000, 0x00000000eab00000)
  object space 331776K, 99% used [0x00000000c0000000,0x00000000d41876e8,0x00000000d4400000)
 Metaspace       used 95812K, committed 97216K, reserved 1179648K
  class space    used 9489K, committed 10112K, reserved 1048576K
}
Event: 16750.921 GC heap after
{Heap after GC invocations=9022 (full 120):
 PSYoungGen      total 33792K, used 2627K [0x00000000eab00000, 0x00000000ed080000, 0x0000000100000000)
  eden space 30720K, 0% used [0x00000000eab00000,0x00000000eab00000,0x00000000ec900000)
  from space 3072K, 85% used [0x00000000ec900000,0x00000000ecb90df0,0x00000000ecc00000)
  to   space 3072K, 0% used [0x00000000ecd80000,0x00000000ecd80000,0x00000000ed080000)
 ParOldGen       total 331776K, used 329605K [0x00000000c0000000, 0x00000000d4400000, 0x00000000eab00000)
  object space 331776K, 99% used [0x00000000c0000000,0x00000000d41e17c0,0x00000000d4400000)
 Metaspace       used 95812K, committed 97216K, reserved 1179648K
  class space    used 9489K, committed 10112K, reserved 1048576K
}
Event: 16751.065 GC heap before
{Heap before GC invocations=9023 (full 120):
 PSYoungGen      total 33792K, used 32952K [0x00000000eab00000, 0x00000000ed080000, 0x0000000100000000)
  eden space 30720K, 98% used [0x00000000eab00000,0x00000000ec89d340,0x00000000ec900000)
  from space 3072K, 85% used [0x00000000ec900000,0x00000000ecb90df0,0x00000000ecc00000)
  to   space 3072K, 0% used [0x00000000ecd80000,0x00000000ecd80000,0x00000000ed080000)
 ParOldGen       total 331776K, used 329605K [0x00000000c0000000, 0x00000000d4400000, 0x00000000eab00000)
  object space 331776K, 99% used [0x00000000c0000000,0x00000000d41e17c0,0x00000000d4400000)
 Metaspace       used 95812K, committed 97216K, reserved 1179648K
  class space    used 9489K, committed 10112K, reserved 1048576K
}
Event: 16751.071 GC heap after
{Heap after GC invocations=9023 (full 120):
 PSYoungGen      total 34816K, used 3043K [0x00000000eab00000, 0x00000000ed180000, 0x0000000100000000)
  eden space 31744K, 0% used [0x00000000eab00000,0x00000000eab00000,0x00000000eca00000)
  from space 3072K, 99% used [0x00000000ecd80000,0x00000000ed078df0,0x00000000ed080000)
  to   space 3584K, 0% used [0x00000000eca00000,0x00000000eca00000,0x00000000ecd80000)
 ParOldGen       total 331776K, used 329605K [0x00000000c0000000, 0x00000000d4400000, 0x00000000eab00000)
  object space 331776K, 99% used [0x00000000c0000000,0x00000000d41e17c0,0x00000000d4400000)
 Metaspace       used 95812K, committed 97216K, reserved 1179648K
  class space    used 9489K, committed 10112K, reserved 1048576K
}
Event: 16751.252 GC heap before
{Heap before GC invocations=9024 (full 120):
 PSYoungGen      total 34816K, used 34498K [0x00000000eab00000, 0x00000000ed180000, 0x0000000100000000)
  eden space 31744K, 99% used [0x00000000eab00000,0x00000000ec9b7c20,0x00000000eca00000)
  from space 3072K, 99% used [0x00000000ecd80000,0x00000000ed078df0,0x00000000ed080000)
  to   space 3584K, 0% used [0x00000000eca00000,0x00000000eca00000,0x00000000ecd80000)
 ParOldGen       total 331776K, used 329605K [0x00000000c0000000, 0x00000000d4400000, 0x00000000eab00000)
  object space 331776K, 99% used [0x00000000c0000000,0x00000000d41e17c0,0x00000000d4400000)
 Metaspace       used 95812K, committed 97216K, reserved 1179648K
  class space    used 9489K, committed 10112K, reserved 1048576K
}
Event: 16751.258 GC heap after
{Heap after GC invocations=9024 (full 120):
 PSYoungGen      total 35328K, used 3341K [0x00000000eab00000, 0x00000000ed280000, 0x0000000100000000)
  eden space 31744K, 0% used [0x00000000eab00000,0x00000000eab00000,0x00000000eca00000)
  from space 3584K, 93% used [0x00000000eca00000,0x00000000ecd435a8,0x00000000ecd80000)
  to   space 3584K, 0% used [0x00000000ecf00000,0x00000000ecf00000,0x00000000ed280000)
 ParOldGen       total 331776K, used 329605K [0x00000000c0000000, 0x00000000d4400000, 0x00000000eab00000)
  object space 331776K, 99% used [0x00000000c0000000,0x00000000d41e17c0,0x00000000d4400000)
 Metaspace       used 95812K, committed 97216K, reserved 1179648K
  class space    used 9489K, committed 10112K, reserved 1048576K
}
Event: 16751.490 GC heap before
{Heap before GC invocations=9025 (full 120):
 PSYoungGen      total 35328K, used 34780K [0x00000000eab00000, 0x00000000ed280000, 0x0000000100000000)
  eden space 31744K, 99% used [0x00000000eab00000,0x00000000ec9b3ca0,0x00000000eca00000)
  from space 3584K, 93% used [0x00000000eca00000,0x00000000ecd435a8,0x00000000ecd80000)
  to   space 3584K, 0% used [0x00000000ecf00000,0x00000000ecf00000,0x00000000ed280000)
 ParOldGen       total 331776K, used 329605K [0x00000000c0000000, 0x00000000d4400000, 0x00000000eab00000)
  object space 331776K, 99% used [0x00000000c0000000,0x00000000d41e17c0,0x00000000d4400000)
 Metaspace       used 95812K, committed 97216K, reserved 1179648K
  class space    used 9489K, committed 10112K, reserved 1048576K
}
Event: 16751.497 GC heap after
{Heap after GC invocations=9025 (full 120):
 PSYoungGen      total 36352K, used 3565K [0x00000000eab00000, 0x00000000ed380000, 0x0000000100000000)
  eden space 32768K, 0% used [0x00000000eab00000,0x00000000eab00000,0x00000000ecb00000)
  from space 3584K, 99% used [0x00000000ecf00000,0x00000000ed27b5a8,0x00000000ed280000)
  to   space 4096K, 0% used [0x00000000ecb00000,0x00000000ecb00000,0x00000000ecf00000)
 ParOldGen       total 331776K, used 329605K [0x00000000c0000000, 0x00000000d4400000, 0x00000000eab00000)
  object space 331776K, 99% used [0x00000000c0000000,0x00000000d41e17c0,0x00000000d4400000)
 Metaspace       used 95812K, committed 97216K, reserved 1179648K
  class space    used 9489K, committed 10112K, reserved 1048576K
}
Event: 16751.601 GC heap before
{Heap before GC invocations=9026 (full 120):
 PSYoungGen      total 36352K, used 36333K [0x00000000eab00000, 0x00000000ed380000, 0x0000000100000000)
  eden space 32768K, 100% used [0x00000000eab00000,0x00000000ecb00000,0x00000000ecb00000)
  from space 3584K, 99% used [0x00000000ecf00000,0x00000000ed27b5a8,0x00000000ed280000)
  to   space 4096K, 0% used [0x00000000ecb00000,0x00000000ecb00000,0x00000000ecf00000)
 ParOldGen       total 331776K, used 329605K [0x00000000c0000000, 0x00000000d4400000, 0x00000000eab00000)
  object space 331776K, 99% used [0x00000000c0000000,0x00000000d41e17c0,0x00000000d4400000)
 Metaspace       used 95812K, committed 97216K, reserved 1179648K
  class space    used 9489K, committed 10112K, reserved 1048576K
}
Event: 16751.607 GC heap after
{Heap after GC invocations=9026 (full 120):
 PSYoungGen      total 36864K, used 3765K [0x00000000eab00000, 0x00000000ed480000, 0x0000000100000000)
  eden space 32768K, 0% used [0x00000000eab00000,0x00000000eab00000,0x00000000ecb00000)
  from space 4096K, 91% used [0x00000000ecb00000,0x00000000ecead448,0x00000000ecf00000)
  to   space 4096K, 0% used [0x00000000ed080000,0x00000000ed080000,0x00000000ed480000)
 ParOldGen       total 331776K, used 329605K [0x00000000c0000000, 0x00000000d4400000, 0x00000000eab00000)
  object space 331776K, 99% used [0x00000000c0000000,0x00000000d41e17c0,0x00000000d4400000)
 Metaspace       used 95812K, committed 97216K, reserved 1179648K
  class space    used 9489K, committed 10112K, reserved 1048576K
}
Event: 16751.705 GC heap before
{Heap before GC invocations=9027 (full 120):
 PSYoungGen      total 36864K, used 35858K [0x00000000eab00000, 0x00000000ed480000, 0x0000000100000000)
  eden space 32768K, 97% used [0x00000000eab00000,0x00000000eca57750,0x00000000ecb00000)
  from space 4096K, 91% used [0x00000000ecb00000,0x00000000ecead448,0x00000000ecf00000)
  to   space 4096K, 0% used [0x00000000ed080000,0x00000000ed080000,0x00000000ed480000)
 ParOldGen       total 331776K, used 329605K [0x00000000c0000000, 0x00000000d4400000, 0x00000000eab00000)
  object space 331776K, 99% used [0x00000000c0000000,0x00000000d41e17c0,0x00000000d4400000)
 Metaspace       used 95812K, committed 97216K, reserved 1179648K
  class space    used 9489K, committed 10112K, reserved 1048576K
}
Event: 16751.712 GC heap after
{Heap after GC invocations=9027 (full 120):
 PSYoungGen      total 38400K, used 3949K [0x00000000eab00000, 0x00000000ed500000, 0x0000000100000000)
  eden space 34304K, 0% used [0x00000000eab00000,0x00000000eab00000,0x00000000ecc80000)
  from space 4096K, 96% used [0x00000000ed080000,0x00000000ed45b5a8,0x00000000ed480000)
  to   space 4096K, 0% used [0x00000000ecc80000,0x00000000ecc80000,0x00000000ed080000)
 ParOldGen       total 331776K, used 329605K [0x00000000c0000000, 0x00000000d4400000, 0x00000000eab00000)
  object space 331776K, 99% used [0x00000000c0000000,0x00000000d41e17c0,0x00000000d4400000)
 Metaspace       used 95812K, committed 97216K, reserved 1179648K
  class space    used 9489K, committed 10112K, reserved 1048576K
}
Event: 16751.885 GC heap before
{Heap before GC invocations=9028 (full 120):
 PSYoungGen      total 38400K, used 38179K [0x00000000eab00000, 0x00000000ed500000, 0x0000000100000000)
  eden space 34304K, 99% used [0x00000000eab00000,0x00000000ecc6d920,0x00000000ecc80000)
  from space 4096K, 96% used [0x00000000ed080000,0x00000000ed45b5a8,0x00000000ed480000)
  to   space 4096K, 0% used [0x00000000ecc80000,0x00000000ecc80000,0x00000000ed080000)
 ParOldGen       total 331776K, used 329605K [0x00000000c0000000, 0x00000000d4400000, 0x00000000eab00000)
  object space 331776K, 99% used [0x00000000c0000000,0x00000000d41e17c0,0x00000000d4400000)
 Metaspace       used 95812K, committed 97216K, reserved 1179648K
  class space    used 9489K, committed 10112K, reserved 1048576K
}
Event: 16751.892 GC heap after
{Heap after GC invocations=9028 (full 120):
 PSYoungGen      total 38400K, used 4077K [0x00000000eab00000, 0x00000000ed780000, 0x0000000100000000)
  eden space 34304K, 0% used [0x00000000eab00000,0x00000000eab00000,0x00000000ecc80000)
  from space 4096K, 99% used [0x00000000ecc80000,0x00000000ed07b5a8,0x00000000ed080000)
  to   space 4608K, 0% used [0x00000000ed300000,0x00000000ed300000,0x00000000ed780000)
 ParOldGen       total 331776K, used 329645K [0x00000000c0000000, 0x00000000d4400000, 0x00000000eab00000)
  object space 331776K, 99% used [0x00000000c0000000,0x00000000d41eb7c0,0x00000000d4400000)
 Metaspace       used 95812K, committed 97216K, reserved 1179648K
  class space    used 9489K, committed 10112K, reserved 1048576K
}
Event: 16752.903 GC heap before
{Heap before GC invocations=9029 (full 120):
 PSYoungGen      total 38400K, used 38381K [0x00000000eab00000, 0x00000000ed780000, 0x0000000100000000)
  eden space 34304K, 100% used [0x00000000eab00000,0x00000000ecc80000,0x00000000ecc80000)
  from space 4096K, 99% used [0x00000000ecc80000,0x00000000ed07b5a8,0x00000000ed080000)
  to   space 4608K, 0% used [0x00000000ed300000,0x00000000ed300000,0x00000000ed780000)
 ParOldGen       total 331776K, used 329645K [0x00000000c0000000, 0x00000000d4400000, 0x00000000eab00000)
  object space 331776K, 99% used [0x00000000c0000000,0x00000000d41eb7c0,0x00000000d4400000)
 Metaspace       used 95813K, committed 97216K, reserved 1179648K
  class space    used 9489K, committed 10112K, reserved 1048576K
}
Event: 16752.912 GC heap after
{Heap after GC invocations=9029 (full 120):
 PSYoungGen      total 38400K, used 4577K [0x00000000eab00000, 0x00000000eda00000, 0x0000000100000000)
  eden space 33792K, 0% used [0x00000000eab00000,0x00000000eab00000,0x00000000ecc00000)
  from space 4608K, 99% used [0x00000000ed300000,0x00000000ed7785e8,0x00000000ed780000)
  to   space 7168K, 0% used [0x00000000ecc00000,0x00000000ecc00000,0x00000000ed300000)
 ParOldGen       total 331776K, used 331497K [0x00000000c0000000, 0x00000000d4400000, 0x00000000eab00000)
  object space 331776K, 99% used [0x00000000c0000000,0x00000000d43ba450,0x00000000d4400000)
 Metaspace       used 95813K, committed 97216K, reserved 1179648K
  class space    used 9489K, committed 10112K, reserved 1048576K
}
Event: 16752.912 GC heap before
{Heap before GC invocations=9030 (full 121):
 PSYoungGen      total 38400K, used 4577K [0x00000000eab00000, 0x00000000eda00000, 0x0000000100000000)
  eden space 33792K, 0% used [0x00000000eab00000,0x00000000eab00000,0x00000000ecc00000)
  from space 4608K, 99% used [0x00000000ed300000,0x00000000ed7785e8,0x00000000ed780000)
  to   space 7168K, 0% used [0x00000000ecc00000,0x00000000ecc00000,0x00000000ed300000)
 ParOldGen       total 331776K, used 331497K [0x00000000c0000000, 0x00000000d4400000, 0x00000000eab00000)
  object space 331776K, 99% used [0x00000000c0000000,0x00000000d43ba450,0x00000000d4400000)
 Metaspace       used 95813K, committed 97216K, reserved 1179648K
  class space    used 9489K, committed 10112K, reserved 1048576K
}

